Determining if the pthread_create exist failed with the following output:
Change Dir: /home/csmajs/cloez001/lab-04/lab-04-composite-pattern-flannel/CMakeFiles/CMakeTmp

Run Build Command(s):/usr/bin/gmake cmTC_b5725/fast 
/usr/bin/gmake -f CMakeFiles/cmTC_b5725.dir/build.make CMakeFiles/cmTC_b5725.dir/build
gmake[1]: Entering directory `/home/csmajs/cloez001/lab-04/lab-04-composite-pattern-flannel/CMakeFiles/CMakeTmp'
Building C object CMakeFiles/cmTC_b5725.dir/CheckSymbolExists.c.o
/usr/bin/cc    -o CMakeFiles/cmTC_b5725.dir/CheckSymbolExists.c.o   -c /home/csmajs/cloez001/lab-04/lab-04-composite-pattern-flannel/CMakeFiles/CMakeTmp/CheckSymbolExists.c
Linking C executable cmTC_b5725
/usr/bin/cmake3 -E cmake_link_script CMakeFiles/cmTC_b5725.dir/link.txt --verbose=1
/usr/bin/cc      -rdynamic CMakeFiles/cmTC_b5725.dir/CheckSymbolExists.c.o  -o cmTC_b5725 
CMakeFiles/cmTC_b5725.dir/CheckSymbolExists.c.o: In function `main':
CheckSymbolExists.c:(.text+0x16): undefined reference to `pthread_create'
collect2: error: ld returned 1 exit status
gmake[1]: *** [cmTC_b5725] Error 1
gmake[1]: Leaving directory `/home/csmajs/cloez001/lab-04/lab-04-composite-pattern-flannel/CMakeFiles/CMakeTmp'
gmake: *** [cmTC_b5725/fast] Error 2

File /home/csmajs/cloez001/lab-04/lab-04-composite-pattern-flannel/CMakeFiles/CMakeTmp/CheckSymbolExists.c:
/* */
#include <pthread.h>

int main(int argc, char** argv)
{
  (void)argv;
#ifndef pthread_create
  return ((int*)(&pthread_create))[argc];
#else
  (void)argc;
  return 0;
#endif
}

Determining if the function pthread_create exists in the pthreads failed with the following output:
Change Dir: /home/csmajs/cloez001/lab-04/lab-04-composite-pattern-flannel/CMakeFiles/CMakeTmp

Run Build Command(s):/usr/bin/gmake cmTC_af49a/fast 
/usr/bin/gmake -f CMakeFiles/cmTC_af49a.dir/build.make CMakeFiles/cmTC_af49a.dir/build
gmake[1]: Entering directory `/home/csmajs/cloez001/lab-04/lab-04-composite-pattern-flannel/CMakeFiles/CMakeTmp'
Building C object CMakeFiles/cmTC_af49a.dir/CheckFunctionExists.c.o
/usr/bin/cc   -DCHECK_FUNCTION_EXISTS=pthread_create   -o CMakeFiles/cmTC_af49a.dir/CheckFunctionExists.c.o   -c /usr/share/cmake3/Modules/CheckFunctionExists.c
Linking C executable cmTC_af49a
/usr/bin/cmake3 -E cmake_link_script CMakeFiles/cmTC_af49a.dir/link.txt --verbose=1
/usr/bin/cc  -DCHECK_FUNCTION_EXISTS=pthread_create    -rdynamic CMakeFiles/cmTC_af49a.dir/CheckFunctionExists.c.o  -o cmTC_af49a -lpthreads 
/usr/bin/ld: cannot find -lpthreads
collect2: error: ld returned 1 exit status
gmake[1]: *** [cmTC_af49a] Error 1
gmake[1]: Leaving directory `/home/csmajs/cloez001/lab-04/lab-04-composite-pattern-flannel/CMakeFiles/CMakeTmp'
gmake: *** [cmTC_af49a/fast] Error 2


